<?xml version="1.0" encoding="UTF-8"?>
<!-- Generated by org.testng.reporters.JUnitXMLReporter -->
<testsuite ignored="0" hostname="Vishwanath-Naik" failures="1" tests="2" name="Test" time="61.862" errors="0" timestamp="2023-03-04T15:44:56 IST">
  <testcase classname="com.Razor.Admin.Admin_register_room" name="testScipt1" time="13.043">
    <failure type="java.lang.AssertionError" message="null">
      <![CDATA[java.lang.AssertionError: null
at com.Razor.Admin.Admin_register_room.testScipt1(Admin_register_room.java:35)
at java.base/java.util.concurrent.ThreadPoolExecutor.runWorker(ThreadPoolExecutor.java:1130)
at java.base/java.util.concurrent.ThreadPoolExecutor$Worker.run(ThreadPoolExecutor.java:630)
at java.base/java.lang.Thread.run(Thread.java:831)
... Removed 14 stack frames]]>
    </failure>
  </testcase> <!-- testScipt1 -->
  <testcase classname="com.Razor.Admin.Admin_create_apartment_and_search" name="testScript2" time="23.814"/>
</testsuite> <!-- Test -->
